This is pdfTeX, Version 3.1415926-2.3-1.40.12 (TeX Live 2011) (format=pdflatex 2011.7.3)  21 FEB 2012 19:24
entering extended mode
 \write18 enabled.
 file:line:error style messages enabled.
 %&-line parsing enabled.
**StatsML-1.tex
(./StatsML-1.tex
LaTeX2e <2009/09/24>
Babel <v3.8l> and hyphenation patterns for english, dumylang, nohyphenation, ge
rman-x-2009-06-19, ngerman-x-2009-06-19, afrikaans, ancientgreek, ibycus, arabi
c, armenian, basque, bulgarian, catalan, pinyin, coptic, croatian, czech, danis
h, dutch, ukenglish, usenglishmax, esperanto, estonian, ethiopic, farsi, finnis
h, french, galician, german, ngerman, swissgerman, monogreek, greek, hungarian,
 icelandic, assamese, bengali, gujarati, hindi, kannada, malayalam, marathi, or
iya, panjabi, tamil, telugu, indonesian, interlingua, irish, italian, kurmanji,
 lao, latin, latvian, lithuanian, mongolian, mongolianlmc, bokmal, nynorsk, pol
ish, portuguese, romanian, russian, sanskrit, serbian, serbianc, slovak, sloven
ian, spanish, swedish, turkish, turkmen, ukrainian, uppersorbian, welsh, loaded
.
(/usr/local/texlive/2011/texmf-dist/tex/latex/amscls/amsart.cls
Document Class: amsart 2009/07/02 v2.20.1
\linespacing=\dimen102
\normalparindent=\dimen103
\normaltopskip=\skip41
(/usr/local/texlive/2011/texmf-dist/tex/latex/amsmath/amsmath.sty
Package: amsmath 2000/07/18 v2.13 AMS math features
\@mathmargin=\skip42

For additional information on amsmath, use the `?' option.
(/usr/local/texlive/2011/texmf-dist/tex/latex/amsmath/amstext.sty
Package: amstext 2000/06/29 v2.01

(/usr/local/texlive/2011/texmf-dist/tex/latex/amsmath/amsgen.sty
File: amsgen.sty 1999/11/30 v2.0
\@emptytoks=\toks14
\ex@=\dimen104
))
(/usr/local/texlive/2011/texmf-dist/tex/latex/amsmath/amsbsy.sty
Package: amsbsy 1999/11/29 v1.2d
\pmbraise@=\dimen105
)
(/usr/local/texlive/2011/texmf-dist/tex/latex/amsmath/amsopn.sty
Package: amsopn 1999/12/14 v2.01 operator names
)
\inf@bad=\count79
LaTeX Info: Redefining \frac on input line 211.
\uproot@=\count80
\leftroot@=\count81
LaTeX Info: Redefining \overline on input line 307.
\classnum@=\count82
\DOTSCASE@=\count83
LaTeX Info: Redefining \ldots on input line 379.
LaTeX Info: Redefining \dots on input line 382.
LaTeX Info: Redefining \cdots on input line 467.
\Mathstrutbox@=\box26
\strutbox@=\box27
\big@size=\dimen106
LaTeX Font Info:    Redeclaring font encoding OML on input line 567.
LaTeX Font Info:    Redeclaring font encoding OMS on input line 568.
\macc@depth=\count84
\c@MaxMatrixCols=\count85
\dotsspace@=\muskip10
\c@parentequation=\count86
\dspbrk@lvl=\count87
\tag@help=\toks15
\row@=\count88
\column@=\count89
\maxfields@=\count90
\andhelp@=\toks16
\eqnshift@=\dimen107
\alignsep@=\dimen108
\tagshift@=\dimen109
\tagwidth@=\dimen110
\totwidth@=\dimen111
\lineht@=\dimen112
\@envbody=\toks17
\multlinegap=\skip43
\multlinetaggap=\skip44
\mathdisplay@stack=\toks18
LaTeX Info: Redefining \[ on input line 2666.
LaTeX Info: Redefining \] on input line 2667.
)
LaTeX Font Info:    Try loading font information for U+msa on input line 388.

(/usr/local/texlive/2011/texmf-dist/tex/latex/amsfonts/umsa.fd
File: umsa.fd 2009/06/22 v3.00 AMS symbols A
)
(/usr/local/texlive/2011/texmf-dist/tex/latex/amsfonts/amsfonts.sty
Package: amsfonts 2009/06/22 v3.00 Basic AMSFonts support
\symAMSa=\mathgroup4
\symAMSb=\mathgroup5
LaTeX Font Info:    Overwriting math alphabet `\mathfrak' in version `bold'
(Font)                  U/euf/m/n --> U/euf/b/n on input line 96.
)
\copyins=\insert233
\abstractbox=\box28
\listisep=\skip45
\c@part=\count91
\c@section=\count92
\c@subsection=\count93
\c@subsubsection=\count94
\c@paragraph=\count95
\c@subparagraph=\count96
\c@figure=\count97
\c@table=\count98
\abovecaptionskip=\skip46
\belowcaptionskip=\skip47
\captionindent=\dimen113
\thm@style=\toks19
\thm@bodyfont=\toks20
\thm@headfont=\toks21
\thm@notefont=\toks22
\thm@headpunct=\toks23
\thm@preskip=\skip48
\thm@postskip=\skip49
\thm@headsep=\skip50
\dth@everypar=\toks24
)
(/usr/local/texlive/2011/texmf-dist/tex/latex/graphics/graphicx.sty
Package: graphicx 1999/02/16 v1.0f Enhanced LaTeX Graphics (DPC,SPQR)

(/usr/local/texlive/2011/texmf-dist/tex/latex/graphics/keyval.sty
Package: keyval 1999/03/16 v1.13 key=value parser (DPC)
\KV@toks@=\toks25
)
(/usr/local/texlive/2011/texmf-dist/tex/latex/graphics/graphics.sty
Package: graphics 2009/02/05 v1.0o Standard LaTeX Graphics (DPC,SPQR)

(/usr/local/texlive/2011/texmf-dist/tex/latex/graphics/trig.sty
Package: trig 1999/03/16 v1.09 sin cos tan (DPC)
)
(/usr/local/texlive/2011/texmf-dist/tex/latex/latexconfig/graphics.cfg
File: graphics.cfg 2010/04/23 v1.9 graphics configuration of TeX Live
)
Package graphics Info: Driver file: pdftex.def on input line 91.

(/usr/local/texlive/2011/texmf-dist/tex/latex/pdftex-def/pdftex.def
File: pdftex.def 2011/05/27 v0.06d Graphics/color for pdfTeX

(/usr/local/texlive/2011/texmf-dist/tex/generic/oberdiek/infwarerr.sty
Package: infwarerr 2010/04/08 v1.3 Providing info/warning/message (HO)
)
(/usr/local/texlive/2011/texmf-dist/tex/generic/oberdiek/ltxcmds.sty
Package: ltxcmds 2011/04/18 v1.20 LaTeX kernel commands for general use (HO)
)
\Gread@gobject=\count99
))
\Gin@req@height=\dimen114
\Gin@req@width=\dimen115
)
(/usr/local/texlive/2011/texmf-dist/tex/latex/base/inputenc.sty
Package: inputenc 2008/03/30 v1.1d Input encoding file
\inpenc@prehook=\toks26
\inpenc@posthook=\toks27

(/usr/local/texlive/2011/texmf-dist/tex/latex/base/applemac.def
File: applemac.def 2008/03/30 v1.1d Input encoding file
))
(/usr/local/texlive/2011/texmf-dist/tex/latex/amsfonts/amssymb.sty
Package: amssymb 2009/06/22 v3.00
)
(/usr/local/texlive/2011/texmf-dist/tex/latex/oberdiek/epstopdf.sty
Package: epstopdf 2010/02/09 v2.5 Conversion with epstopdf on the fly (HO)

(/usr/local/texlive/2011/texmf-dist/tex/latex/oberdiek/epstopdf-base.sty
Package: epstopdf-base 2010/02/09 v2.5 Base part for package epstopdf

(/usr/local/texlive/2011/texmf-dist/tex/latex/oberdiek/grfext.sty
Package: grfext 2010/08/19 v1.1 Managing graphics extensions (HO)

(/usr/local/texlive/2011/texmf-dist/tex/generic/oberdiek/kvdefinekeys.sty
Package: kvdefinekeys 2011/04/07 v1.3 Defining keys (HO)
))
(/usr/local/texlive/2011/texmf-dist/tex/latex/oberdiek/kvoptions.sty
Package: kvoptions 2010/12/23 v3.10 Keyval support for LaTeX options (HO)

(/usr/local/texlive/2011/texmf-dist/tex/generic/oberdiek/kvsetkeys.sty
Package: kvsetkeys 2011/04/07 v1.13 Key value parser (HO)

(/usr/local/texlive/2011/texmf-dist/tex/generic/oberdiek/etexcmds.sty
Package: etexcmds 2011/02/16 v1.5 Prefix for e-TeX command names (HO)

(/usr/local/texlive/2011/texmf-dist/tex/generic/oberdiek/ifluatex.sty
Package: ifluatex 2010/03/01 v1.3 Provides the ifluatex switch (HO)
Package ifluatex Info: LuaTeX not detected.
)
Package etexcmds Info: Could not find \expanded.
(etexcmds)             That can mean that you are not using pdfTeX 1.50 or
(etexcmds)             that some package has redefined \expanded.
(etexcmds)             In the latter case, load this package earlier.
)))
(/usr/local/texlive/2011/texmf-dist/tex/generic/oberdiek/pdftexcmds.sty
Package: pdftexcmds 2011/04/22 v0.16 Utilities of pdfTeX for LuaTeX (HO)

(/usr/local/texlive/2011/texmf-dist/tex/generic/oberdiek/ifpdf.sty
Package: ifpdf 2011/01/30 v2.3 Provides the ifpdf switch (HO)
Package ifpdf Info: pdfTeX in PDF mode is detected.
)
Package pdftexcmds Info: LuaTeX not detected.
Package pdftexcmds Info: \pdf@primitive is available.
Package pdftexcmds Info: \pdf@ifprimitive is available.
Package pdftexcmds Info: \pdfdraftmode found.
)
Package grfext Info: Graphics extension search list:
(grfext)             [.png,.pdf,.jpg,.mps,.jpeg,.jbig2,.jb2,.PNG,.PDF,.JPG,.JPE
G,.JBIG2,.JB2,.eps]
(grfext)             \AppendGraphicsExtensions on input line 452.

(/usr/local/texlive/2011/texmf-dist/tex/latex/latexconfig/epstopdf-sys.cfg
File: epstopdf-sys.cfg 2010/07/13 v1.3 Configuration of (r)epstopdf for TeX Liv
e
)))
(/usr/local/texlive/2011/texmf-dist/tex/latex/fancyhdr/fancyhdr.sty
\fancy@headwidth=\skip51
\f@ncyO@elh=\skip52
\f@ncyO@erh=\skip53
\f@ncyO@olh=\skip54
\f@ncyO@orh=\skip55
\f@ncyO@elf=\skip56
\f@ncyO@erf=\skip57
\f@ncyO@olf=\skip58
\f@ncyO@orf=\skip59
)
(/usr/local/texlive/2011/texmf-dist/tex/latex/float/float.sty
Package: float 2001/11/08 v1.3d Float enhancements (AL)
\c@float@type=\count100
\float@exts=\toks28
\float@box=\box29
\@float@everytoks=\toks29
\@floatcapt=\box30
)
(/usr/local/texlive/2011/texmf-dist/tex/latex/subfig/subfig.sty
Package: subfig 2005/06/28 ver: 1.3 subfig package

(/usr/local/texlive/2011/texmf-dist/tex/latex/caption/caption.sty
Package: caption 2010/01/09 v3.1m Customizing captions (AR)

(/usr/local/texlive/2011/texmf-dist/tex/latex/caption/caption3.sty
Package: caption3 2010/01/14 v3.1m caption3 kernel (AR)
\captionmargin=\dimen116
\captionmargin@=\dimen117
\captionwidth=\dimen118
\caption@indent=\dimen119
\caption@parindent=\dimen120
\caption@hangindent=\dimen121
)
Package caption Info: AMS or SMF document class.
\c@ContinuedFloat=\count101
Package caption Info: float package is loaded.
)
\c@KVtest=\count102
\sf@farskip=\skip60
\sf@captopadj=\dimen122
\sf@capskip=\skip61
\sf@nearskip=\skip62
\c@subfigure=\count103
\c@subfigure@save=\count104
\c@lofdepth=\count105
\c@subtable=\count106
\c@subtable@save=\count107
\c@lotdepth=\count108
\sf@top=\skip63
\sf@bottom=\skip64
)
(/usr/local/texlive/2011/texmf-dist/tex/latex/listings/listings.sty
\lst@mode=\count109
\lst@gtempboxa=\box31
\lst@token=\toks30
\lst@length=\count110
\lst@currlwidth=\dimen123
\lst@column=\count111
\lst@pos=\count112
\lst@lostspace=\dimen124
\lst@width=\dimen125
\lst@newlines=\count113
\lst@lineno=\count114
\lst@maxwidth=\dimen126

(/usr/local/texlive/2011/texmf-dist/tex/latex/listings/lstmisc.sty
File: lstmisc.sty 2007/02/22 1.4 (Carsten Heinz)
\c@lstnumber=\count115
\lst@skipnumbers=\count116
\lst@framebox=\box32
)
(/usr/local/texlive/2011/texmf-dist/tex/latex/listings/listings.cfg
File: listings.cfg 2007/02/22 1.4 listings configuration
))
Package: listings 2007/02/22 1.4 (Carsten Heinz)

(/usr/local/texlive/2011/texmf-dist/tex/latex/graphics/color.sty
Package: color 2005/11/14 v1.0j Standard LaTeX Color (DPC)

(/usr/local/texlive/2011/texmf-dist/tex/latex/latexconfig/color.cfg
File: color.cfg 2007/01/18 v1.5 color configuration of teTeX/TeXLive
)
Package color Info: Driver file: pdftex.def on input line 130.

(/usr/local/texlive/2011/texmf-dist/tex/latex/graphics/dvipsnam.def
File: dvipsnam.def 1999/02/16 v3.0i Driver-dependant file (DPC,SPQR)
))
(./StatsML-1.aux)
\openout1 = `StatsML-1.aux'.

LaTeX Font Info:    Checking defaults for OML/cmm/m/it on input line 78.
LaTeX Font Info:    ... okay on input line 78.
LaTeX Font Info:    Checking defaults for T1/cmr/m/n on input line 78.
LaTeX Font Info:    ... okay on input line 78.
LaTeX Font Info:    Checking defaults for OT1/cmr/m/n on input line 78.
LaTeX Font Info:    ... okay on input line 78.
LaTeX Font Info:    Checking defaults for OMS/cmsy/m/n on input line 78.
LaTeX Font Info:    ... okay on input line 78.
LaTeX Font Info:    Checking defaults for OMX/cmex/m/n on input line 78.
LaTeX Font Info:    ... okay on input line 78.
LaTeX Font Info:    Checking defaults for U/cmr/m/n on input line 78.
LaTeX Font Info:    ... okay on input line 78.
LaTeX Font Info:    Try loading font information for U+msa on input line 78.

(/usr/local/texlive/2011/texmf-dist/tex/latex/amsfonts/umsa.fd
File: umsa.fd 2009/06/22 v3.00 AMS symbols A
)
LaTeX Font Info:    Try loading font information for U+msb on input line 78.

(/usr/local/texlive/2011/texmf-dist/tex/latex/amsfonts/umsb.fd
File: umsb.fd 2009/06/22 v3.00 AMS symbols B
)
(/usr/local/texlive/2011/texmf-dist/tex/context/base/supp-pdf.mkii
[Loading MPS to PDF converter (version 2006.09.02).]
\scratchcounter=\count117
\scratchdimen=\dimen127
\scratchbox=\box33
\nofMPsegments=\count118
\nofMParguments=\count119
\everyMPshowfont=\toks31
\MPscratchCnt=\count120
\MPscratchDim=\dimen128
\MPnumerator=\count121
\makeMPintoPDFobject=\count122
\everyMPtoPDFconversion=\toks32
)
Package caption Info: Begin \AtBeginDocument code.
Package caption3 Info: subfig package 1.2 or 1.3 is loaded.
LaTeX Info: Redefining \subref on input line 78.
Package caption Info: listings package is loaded.
Package caption Info: End \AtBeginDocument code.
\c@lstlisting=\count123
 [0

{/usr/local/texlive/2011/texmf-var/fonts/map/pdftex/updmap/pdftex.map}]
(/usr/local/texlive/2011/texmf-dist/tex/latex/listings/lstlang1.sty
File: lstlang1.sty 2004/09/05 1.3 listings language file
)
(/usr/local/texlive/2011/texmf-dist/tex/latex/listings/lstlang2.sty
File: lstlang2.sty 2004/09/05 1.3 listings language file
)
(/usr/local/texlive/2011/texmf-dist/tex/latex/listings/lstlang3.sty
File: lstlang3.sty 2004/09/05 1.3 listings language file
)
Overfull \hbox (2.94626pt too wide) in paragraph at lines 111--112
[]\OT1/cmr/m/n/10.95 All the code has been run and tested in \OT1/cmtt/m/n/10.9
5 R 2.13.1 \OT1/cmr/m/n/10.95 us-ing \OT1/cmtt/m/n/10.95 RStudio 0.94.110
 []


Overfull \hbox (13.11945pt too wide) in paragraph at lines 111--112
\OT1/cmr/m/n/10.95 stalled from the CRAN repos-i-tory by run-ning the com-mand 
\OT1/cmtt/m/n/10.95 install.packages
 []

<1dgauss11.pdf, id=9, 505.89pt x 505.89pt>
File: 1dgauss11.pdf Graphic file (type pdf)
 <use 1dgauss11.pdf>
Package pdftex.def Info: 1dgauss11.pdf used on input line 117.
(pdftex.def)             Requested size: 115.20264pt x 115.20207pt.

<1dgauss02.pdf, id=10, 505.89pt x 505.89pt>
File: 1dgauss02.pdf Graphic file (type pdf)
 <use 1dgauss02.pdf>
Package pdftex.def Info: 1dgauss02.pdf used on input line 118.
(pdftex.def)             Requested size: 115.20264pt x 115.20207pt.

<1dgauss23.pdf, id=11, 505.89pt x 505.89pt>
File: 1dgauss23.pdf Graphic file (type pdf)
 <use 1dgauss23.pdf>
Package pdftex.def Info: 1dgauss23.pdf used on input line 119.
(pdftex.def)             Requested size: 115.20264pt x 115.20207pt.

<2dgauss100.pdf, id=12, 503.8825pt x 422.57875pt>
File: 2dgauss100.pdf Graphic file (type pdf)
 <use 2dgauss100.pdf>
Package pdftex.def Info: 2dgauss100.pdf used on input line 129.
(pdftex.def)             Requested size: 161.9989pt x 135.85986pt.

<2dgauss10k.pdf, id=13, 503.8825pt x 422.57875pt>
File: 2dgauss10k.pdf Graphic file (type pdf)
 <use 2dgauss10k.pdf>
Package pdftex.def Info: 2dgauss10k.pdf used on input line 130.
(pdftex.def)             Requested size: 161.9989pt x 135.85986pt.


Package Fancyhdr Warning: \headheight is too small (8.0pt): 
 Make it at least 13.0pt.
 We now make it that large for the rest of the document.
 This may cause the page layout to be inconsistent, however.

[1 <./1dgauss11.pdf> <./1dgauss02.pdf> <./1dgauss23.pdf> <./2dgauss100.pdf> <./
2dgauss10k.pdf>] <2dmuml.pdf, id=57, 502.87875pt x 445.665pt>
File: 2dmuml.pdf Graphic file (type pdf)
 <use 2dmuml.pdf>
Package pdftex.def Info: 2dmuml.pdf used on input line 141.
(pdftex.def)             Requested size: 251.9989pt x 223.32837pt.


LaTeX Warning: Command \i invalid in math mode on input line 150.


LaTeX Warning: Command \i invalid in math mode on input line 165.


LaTeX Warning: Command \i invalid in math mode on input line 168.

<px1hist100.pdf, id=58, 552.0625pt x 460.72125pt>
File: px1hist100.pdf Graphic file (type pdf)
 <use px1hist100.pdf>
Package pdftex.def Info: px1hist100.pdf used on input line 176.
(pdftex.def)             Requested size: 86.40198pt x 72.10703pt.

<px1hist25.pdf, id=59, 552.0625pt x 460.72125pt>
File: px1hist25.pdf Graphic file (type pdf)
 <use px1hist25.pdf>
Package pdftex.def Info: px1hist25.pdf used on input line 177.
(pdftex.def)             Requested size: 86.40198pt x 72.10703pt.

<px1hist10.pdf, id=60, 505.89pt x 505.89pt>
File: px1hist10.pdf Graphic file (type pdf)
 <use px1hist10.pdf>
Package pdftex.def Info: px1hist10.pdf used on input line 178.
(pdftex.def)             Requested size: 86.40198pt x 86.40155pt.

<px1hist5.pdf, id=61, 505.89pt x 505.89pt>
File: px1hist5.pdf Graphic file (type pdf)
 <use px1hist5.pdf>
Package pdftex.def Info: px1hist5.pdf used on input line 179.
(pdftex.def)             Requested size: 86.40198pt x 86.40155pt.

<px2hist100.pdf, id=62, 552.0625pt x 460.72125pt>
File: px2hist100.pdf Graphic file (type pdf)
 <use px2hist100.pdf>
Package pdftex.def Info: px2hist100.pdf used on input line 180.
(pdftex.def)             Requested size: 86.40198pt x 72.10703pt.

<px2hist25.pdf, id=63, 552.0625pt x 460.72125pt>
File: px2hist25.pdf Graphic file (type pdf)
 <use px2hist25.pdf>
Package pdftex.def Info: px2hist25.pdf used on input line 181.
(pdftex.def)             Requested size: 86.40198pt x 72.10703pt.

<px2hist10.pdf, id=64, 505.89pt x 505.89pt>
File: px2hist10.pdf Graphic file (type pdf)
 <use px2hist10.pdf>
Package pdftex.def Info: px2hist10.pdf used on input line 182.
(pdftex.def)             Requested size: 86.40198pt x 86.40155pt.

<px2hist5.pdf, id=65, 505.89pt x 505.89pt>
File: px2hist5.pdf Graphic file (type pdf)
 <use px2hist5.pdf>
Package pdftex.def Info: px2hist5.pdf used on input line 183.
(pdftex.def)             Requested size: 86.40198pt x 86.40155pt.
 [2 <./2dmuml.pdf>] <px1histanal.pdf, id=77, 505.89pt x 505.89pt>
File: px1histanal.pdf Graphic file (type pdf)
 <use px1histanal.pdf>
Package pdftex.def Info: px1histanal.pdf used on input line 196.
(pdftex.def)             Requested size: 360.0pt x 360.00264pt.


LaTeX Warning: `!h' float specifier changed to `!ht'.

<twodhist1.pdf, id=78, 505.89pt x 505.89pt>
File: twodhist1.pdf Graphic file (type pdf)
 <use twodhist1.pdf>
Package pdftex.def Info: twodhist1.pdf used on input line 205.
(pdftex.def)             Requested size: 115.20264pt x 115.20207pt.

<twodhist2.pdf, id=79, 505.89pt x 505.89pt>
File: twodhist2.pdf Graphic file (type pdf)
 <use twodhist2.pdf>
Package pdftex.def Info: twodhist2.pdf used on input line 206.
(pdftex.def)             Requested size: 115.20264pt x 115.20207pt.

<twodhist3.pdf, id=80, 505.89pt x 505.89pt>
File: twodhist3.pdf Graphic file (type pdf)
 <use twodhist3.pdf>
Package pdftex.def Info: twodhist3.pdf used on input line 207.
(pdftex.def)             Requested size: 115.20264pt x 115.20207pt.

<twodhist4.pdf, id=81, 505.89pt x 505.89pt>
File: twodhist4.pdf Graphic file (type pdf)
 <use twodhist4.pdf>
Package pdftex.def Info: twodhist4.pdf used on input line 208.
(pdftex.def)             Requested size: 115.20264pt x 115.20207pt.

<twodhist5.pdf, id=82, 505.89pt x 505.89pt>
File: twodhist5.pdf Graphic file (type pdf)
 <use twodhist5.pdf>
Package pdftex.def Info: twodhist5.pdf used on input line 209.
(pdftex.def)             Requested size: 115.20264pt x 115.20207pt.

<twodhist6.pdf, id=83, 505.89pt x 505.89pt>
File: twodhist6.pdf Graphic file (type pdf)
 <use twodhist6.pdf>
Package pdftex.def Info: twodhist6.pdf used on input line 210.
(pdftex.def)             Requested size: 115.20264pt x 115.20207pt.

<twodhist7.pdf, id=84, 505.89pt x 505.89pt>
File: twodhist7.pdf Graphic file (type pdf)
 <use twodhist7.pdf>
Package pdftex.def Info: twodhist7.pdf used on input line 211.
(pdftex.def)             Requested size: 115.20264pt x 115.20207pt.

<twodhist8.pdf, id=85, 505.89pt x 505.89pt>
File: twodhist8.pdf Graphic file (type pdf)
 <use twodhist8.pdf>
Package pdftex.def Info: twodhist8.pdf used on input line 212.
(pdftex.def)             Requested size: 115.20264pt x 115.20207pt.

<twodhist9.pdf, id=86, 505.89pt x 505.89pt>
File: twodhist9.pdf Graphic file (type pdf)
 <use twodhist9.pdf>
Package pdftex.def Info: twodhist9.pdf used on input line 213.
(pdftex.def)             Requested size: 115.20264pt x 115.20207pt.


LaTeX Warning: `!h' float specifier changed to `!ht'.

[3 <./px1hist100.pdf> <./px1hist25.pdf> <./px1hist10.pdf> <./px1hist5.pdf> <./p
x2hist100.pdf> <./px2hist25.pdf> <./px2hist10.pdf> <./px2hist5.pdf>]
<qqplot1.pdf, id=134, 505.89pt x 505.89pt>
File: qqplot1.pdf Graphic file (type pdf)
 <use qqplot1.pdf>
Package pdftex.def Info: qqplot1.pdf used on input line 222.
(pdftex.def)             Requested size: 161.9989pt x 161.99617pt.

<normeans1.pdf, id=135, 505.89pt x 505.89pt>
File: normeans1.pdf Graphic file (type pdf)
 <use normeans1.pdf>
Package pdftex.def Info: normeans1.pdf used on input line 223.
(pdftex.def)             Requested size: 161.9989pt x 161.99617pt.

<qqplot2.pdf, id=136, 505.89pt x 505.89pt>
File: qqplot2.pdf Graphic file (type pdf)
 <use qqplot2.pdf>
Package pdftex.def Info: qqplot2.pdf used on input line 224.
(pdftex.def)             Requested size: 161.9989pt x 161.99617pt.

<normeans2.pdf, id=137, 505.89pt x 505.89pt>
File: normeans2.pdf Graphic file (type pdf)
 <use normeans2.pdf>
Package pdftex.def Info: normeans2.pdf used on input line 225.
(pdftex.def)             Requested size: 161.9989pt x 161.99617pt.

<qqplot3.pdf, id=138, 505.89pt x 505.89pt>
File: qqplot3.pdf Graphic file (type pdf)
 <use qqplot3.pdf>
Package pdftex.def Info: qqplot3.pdf used on input line 226.
(pdftex.def)             Requested size: 161.9989pt x 161.99617pt.

<normeans3.pdf, id=139, 505.89pt x 505.89pt>
File: normeans3.pdf Graphic file (type pdf)
 <use normeans3.pdf>
Package pdftex.def Info: normeans3.pdf used on input line 227.
(pdftex.def)             Requested size: 161.9989pt x 161.99617pt.


LaTeX Warning: `!h' float specifier changed to `!ht'.

<deviation.pdf, id=140, 552.0625pt x 460.72125pt>
File: deviation.pdf Graphic file (type pdf)
 <use deviation.pdf>
Package pdftex.def Info: deviation.pdf used on input line 234.
(pdftex.def)             Requested size: 161.9989pt x 135.19452pt.

Underfull \vbox (badness 2865) has occurred while \output is active []

 [4 <./px1histanal.pdf>]

LaTeX Warning: `!h' float specifier changed to `!ht'.

(./q9.tex <pitcher.png, id=149, 481.8pt x 481.8pt>
File: pitcher.png Graphic file (type png)
 <use pitcher.png>
Package pdftex.def Info: pitcher.png used on input line 5.
(pdftex.def)             Requested size: 176.40198pt x 176.39587pt.

<centerOfMass.png, id=151, 481.8pt x 481.8pt>
File: centerOfMass.png Graphic file (type png)
 <use centerOfMass.png>
Package pdftex.def Info: centerOfMass.png used on input line 6.
(pdftex.def)             Requested size: 176.40198pt x 176.39587pt.


LaTeX Warning: `!h' float specifier changed to `!ht'.

<spat.png, id=152, 481.8pt x 481.8pt>
File: spat.png Graphic file (type png)
 <use spat.png>
Package pdftex.def Info: spat.png used on input line 17.
(pdftex.def)             Requested size: 161.9989pt x 161.99396pt.

<newMap.png, id=153, 481.8pt x 481.8pt>
File: newMap.png Graphic file (type png)
 <use newMap.png>
Package pdftex.def Info: newMap.png used on input line 18.
(pdftex.def)             Requested size: 161.9989pt x 161.99396pt.


LaTeX Warning: `!h' float specifier changed to `!ht'.

[5 <./twodhist1.pdf> <./twodhist2.pdf> <./twodhist3.pdf> <./twodhist4.pdf> <./t
wodhist5.pdf> <./twodhist6.pdf> <./twodhist7.pdf> <./twodhist8.pdf> <./twodhist
9.pdf>])
Underfull \vbox (badness 2865) has occurred while \output is active []

 [6 <./qqplot1.pdf> <./normeans1.pdf> <./qqplot2.pdf> <./normeans2.pdf> <./qqpl
ot3.pdf> <./normeans3.pdf>] [7 <./deviation.pdf> <./pitcher.png> <./centerOfMas
s.png> <./spat.png> <./newMap.png>] (./StatsML-1.aux) ) 
Here is how much of TeX's memory you used:
 6009 strings out of 493633
 86018 string characters out of 3143378
 177929 words of memory out of 3000000
 9021 multiletter control sequences out of 15000+200000
 14879 words of font info for 57 fonts, out of 3000000 for 9000
 992 hyphenation exceptions out of 8191
 44i,11n,43p,897b,378s stack positions out of 5000i,500n,10000p,200000b,50000s
</usr/local/texlive/2011
/texmf-dist/fonts/type1/public/amsfonts/cm/cmbx10.pfb></usr/local/texlive/2011/
texmf-dist/fonts/type1/public/amsfonts/cm/cmbx12.pfb></usr/local/texlive/2011/t
exmf-dist/fonts/type1/public/amsfonts/cm/cmbxti10.pfb></usr/local/texlive/2011/
texmf-dist/fonts/type1/public/amsfonts/cm/cmcsc10.pfb></usr/local/texlive/2011/
texmf-dist/fonts/type1/public/amsfonts/cm/cmex10.pfb></usr/local/texlive/2011/t
exmf-dist/fonts/type1/public/amsfonts/cm/cmmi10.pfb></usr/local/texlive/2011/te
xmf-dist/fonts/type1/public/amsfonts/cm/cmmi6.pfb></usr/local/texlive/2011/texm
f-dist/fonts/type1/public/amsfonts/cm/cmmi8.pfb></usr/local/texlive/2011/texmf-
dist/fonts/type1/public/amsfonts/cm/cmr10.pfb></usr/local/texlive/2011/texmf-di
st/fonts/type1/public/amsfonts/cm/cmr6.pfb></usr/local/texlive/2011/texmf-dist/
fonts/type1/public/amsfonts/cm/cmr7.pfb></usr/local/texlive/2011/texmf-dist/fon
ts/type1/public/amsfonts/cm/cmr8.pfb></usr/local/texlive/2011/texmf-dist/fonts/
type1/public/amsfonts/cm/cmsy10.pfb></usr/local/texlive/2011/texmf-dist/fonts/t
ype1/public/amsfonts/cm/cmsy6.pfb></usr/local/texlive/2011/texmf-dist/fonts/typ
e1/public/amsfonts/cm/cmsy8.pfb></usr/local/texlive/2011/texmf-dist/fonts/type1
/public/amsfonts/cm/cmti10.pfb></usr/local/texlive/2011/texmf-dist/fonts/type1/
public/amsfonts/cm/cmti12.pfb></usr/local/texlive/2011/texmf-dist/fonts/type1/p
ublic/amsfonts/cm/cmtt10.pfb>
Output written on StatsML-1.pdf (8 pages, 1712121 bytes).
PDF statistics:
 316 PDF objects out of 1000 (max. 8388607)
 215 compressed objects within 3 object streams
 0 named destinations out of 1000 (max. 500000)
 176 words of extra memory for PDF output out of 10000 (max. 10000000)

